[debug] [2025-07-13T16:51:24.453Z] ----------------------------------------------------------------------
[debug] [2025-07-13T16:51:24.457Z] Command:       C:\Program Files\nodejs\node.exe C:\Users\hello\AppData\Roaming\npm\node_modules\firebase-tools\lib\bin\firebase.js deploy
[debug] [2025-07-13T16:51:24.458Z] CLI Version:   14.8.0
[debug] [2025-07-13T16:51:24.458Z] Platform:      win32
[debug] [2025-07-13T16:51:24.458Z] Node Version:  v22.13.1
[debug] [2025-07-13T16:51:24.458Z] Time:          Sun Jul 13 2025 22:21:24 GMT+0530 (India Standard Time)
[debug] [2025-07-13T16:51:24.459Z] ----------------------------------------------------------------------
[debug] 
[debug] [2025-07-13T16:51:24.462Z] >>> [apiv2][query] GET https://firebase-public.firebaseio.com/cli.json [none]
[debug] [2025-07-13T16:51:25.194Z] > command requires scopes: ["email","openid","https://www.googleapis.com/auth/cloudplatformprojects.readonly","https://www.googleapis.com/auth/firebase","https://www.googleapis.com/auth/cloud-platform"]
[debug] [2025-07-13T16:51:25.194Z] > authorizing via signed-in user (samkhan9991303458@gmail.com)
[debug] [2025-07-13T16:51:25.195Z] [iam] checking project ecommerce-2c778 for permissions ["firebase.projects.get","firebasehosting.sites.update"]
[debug] [2025-07-13T16:51:25.196Z] Checked if tokens are valid: false, expires at: 1750596040542
[debug] [2025-07-13T16:51:25.196Z] Checked if tokens are valid: false, expires at: 1750596040542
[debug] [2025-07-13T16:51:25.197Z] > refreshing access token with scopes: []
[debug] [2025-07-13T16:51:25.199Z] >>> [apiv2][query] POST https://www.googleapis.com/oauth2/v3/token [none]
[debug] [2025-07-13T16:51:25.199Z] >>> [apiv2][body] POST https://www.googleapis.com/oauth2/v3/token [omitted]
[debug] [2025-07-13T16:51:27.360Z] <<< [apiv2][status] POST https://www.googleapis.com/oauth2/v3/token 200
[debug] [2025-07-13T16:51:27.360Z] <<< [apiv2][body] POST https://www.googleapis.com/oauth2/v3/token [omitted]
[debug] [2025-07-13T16:51:27.366Z] >>> [apiv2][query] POST https://cloudresourcemanager.googleapis.com/v1/projects/ecommerce-2c778:testIamPermissions [none]
[debug] [2025-07-13T16:51:27.367Z] >>> [apiv2][(partial)header] POST https://cloudresourcemanager.googleapis.com/v1/projects/ecommerce-2c778:testIamPermissions x-goog-quota-user=projects/ecommerce-2c778
[debug] [2025-07-13T16:51:27.367Z] >>> [apiv2][body] POST https://cloudresourcemanager.googleapis.com/v1/projects/ecommerce-2c778:testIamPermissions {"permissions":["firebase.projects.get","firebasehosting.sites.update"]}
[debug] [2025-07-13T16:51:27.639Z] <<< [apiv2][status] GET https://firebase-public.firebaseio.com/cli.json 200
[debug] [2025-07-13T16:51:27.639Z] <<< [apiv2][body] GET https://firebase-public.firebaseio.com/cli.json {"cloudBuildErrorAfter":1594252800000,"cloudBuildWarnAfter":1590019200000,"defaultNode10After":1594252800000,"minVersion":"3.0.5","node8DeploysDisabledAfter":1613390400000,"node8RuntimeDisabledAfter":1615809600000,"node8WarnAfter":1600128000000}
[debug] [2025-07-13T16:51:29.775Z] <<< [apiv2][status] POST https://cloudresourcemanager.googleapis.com/v1/projects/ecommerce-2c778:testIamPermissions 200
[debug] [2025-07-13T16:51:29.775Z] <<< [apiv2][body] POST https://cloudresourcemanager.googleapis.com/v1/projects/ecommerce-2c778:testIamPermissions {"permissions":["firebase.projects.get","firebasehosting.sites.update"]}
[debug] [2025-07-13T16:51:29.778Z] Checked if tokens are valid: true, expires at: 1752429086361
[debug] [2025-07-13T16:51:29.778Z] Checked if tokens are valid: true, expires at: 1752429086361
[debug] [2025-07-13T16:51:29.778Z] >>> [apiv2][query] GET https://firebase.googleapis.com/v1beta1/projects/ecommerce-2c778 [none]
[debug] [2025-07-13T16:52:03.725Z] ----------------------------------------------------------------------
[debug] [2025-07-13T16:52:03.728Z] Command:       C:\Program Files\nodejs\node.exe C:\Users\hello\AppData\Roaming\npm\node_modules\firebase-tools\lib\bin\firebase.js deploy
[debug] [2025-07-13T16:52:03.729Z] CLI Version:   14.8.0
[debug] [2025-07-13T16:52:03.729Z] Platform:      win32
[debug] [2025-07-13T16:52:03.729Z] Node Version:  v22.13.1
[debug] [2025-07-13T16:52:03.729Z] Time:          Sun Jul 13 2025 22:22:03 GMT+0530 (India Standard Time)
[debug] [2025-07-13T16:52:03.729Z] ----------------------------------------------------------------------
[debug] 
[debug] [2025-07-13T16:52:03.974Z] > command requires scopes: ["email","openid","https://www.googleapis.com/auth/cloudplatformprojects.readonly","https://www.googleapis.com/auth/firebase","https://www.googleapis.com/auth/cloud-platform"]
[debug] [2025-07-13T16:52:03.974Z] > authorizing via signed-in user (samkhan9991303458@gmail.com)
[debug] [2025-07-13T16:52:03.975Z] [iam] checking project ecommerce-2c778 for permissions ["firebase.projects.get","firebasehosting.sites.update"]
[debug] [2025-07-13T16:52:03.976Z] Checked if tokens are valid: true, expires at: 1752429086361
[debug] [2025-07-13T16:52:03.976Z] Checked if tokens are valid: true, expires at: 1752429086361
[debug] [2025-07-13T16:52:03.977Z] >>> [apiv2][query] POST https://cloudresourcemanager.googleapis.com/v1/projects/ecommerce-2c778:testIamPermissions [none]
[debug] [2025-07-13T16:52:03.977Z] >>> [apiv2][(partial)header] POST https://cloudresourcemanager.googleapis.com/v1/projects/ecommerce-2c778:testIamPermissions x-goog-quota-user=projects/ecommerce-2c778
[debug] [2025-07-13T16:52:03.977Z] >>> [apiv2][body] POST https://cloudresourcemanager.googleapis.com/v1/projects/ecommerce-2c778:testIamPermissions {"permissions":["firebase.projects.get","firebasehosting.sites.update"]}
[debug] [2025-07-13T16:52:05.787Z] <<< [apiv2][status] POST https://cloudresourcemanager.googleapis.com/v1/projects/ecommerce-2c778:testIamPermissions 200
[debug] [2025-07-13T16:52:05.787Z] <<< [apiv2][body] POST https://cloudresourcemanager.googleapis.com/v1/projects/ecommerce-2c778:testIamPermissions {"permissions":["firebase.projects.get","firebasehosting.sites.update"]}
[debug] [2025-07-13T16:52:05.788Z] Checked if tokens are valid: true, expires at: 1752429086361
[debug] [2025-07-13T16:52:05.788Z] Checked if tokens are valid: true, expires at: 1752429086361
[debug] [2025-07-13T16:52:05.788Z] >>> [apiv2][query] GET https://firebase.googleapis.com/v1beta1/projects/ecommerce-2c778 [none]
[debug] [2025-07-13T16:52:07.102Z] <<< [apiv2][status] GET https://firebase.googleapis.com/v1beta1/projects/ecommerce-2c778 200
[debug] [2025-07-13T16:52:07.102Z] <<< [apiv2][body] GET https://firebase.googleapis.com/v1beta1/projects/ecommerce-2c778 {"projectId":"ecommerce-2c778","projectNumber":"75013983511","displayName":"ecommerce","name":"projects/ecommerce-2c778","resources":{"hostingSite":"ecommerce-2c778"},"state":"ACTIVE","etag":"1_37d7e404-0924-478d-97d6-09bd7fbbaa25"}
[info] 
[info] === Deploying to 'ecommerce-2c778'...
[info] 
[info] i  deploying hosting 
[debug] [2025-07-13T16:52:07.109Z] Checked if tokens are valid: true, expires at: 1752429086361
[debug] [2025-07-13T16:52:07.109Z] Checked if tokens are valid: true, expires at: 1752429086361
[debug] [2025-07-13T16:52:07.110Z] >>> [apiv2][query] POST https://firebasehosting.googleapis.com/v1beta1/projects/-/sites/ecommerce-2c778/versions [none]
[debug] [2025-07-13T16:52:07.110Z] >>> [apiv2][body] POST https://firebasehosting.googleapis.com/v1beta1/projects/-/sites/ecommerce-2c778/versions {"status":"CREATED","labels":{"deployment-tool":"cli-firebase"}}
[debug] [2025-07-13T16:52:09.621Z] <<< [apiv2][status] POST https://firebasehosting.googleapis.com/v1beta1/projects/-/sites/ecommerce-2c778/versions 200
[debug] [2025-07-13T16:52:09.621Z] <<< [apiv2][body] POST https://firebasehosting.googleapis.com/v1beta1/projects/-/sites/ecommerce-2c778/versions {"name":"projects/75013983511/sites/ecommerce-2c778/versions/8ee71eea1993ca92","status":"CREATED","config":{},"labels":{"deployment-tool":"cli-firebase"}}
[info] i  hosting[ecommerce-2c778]: beginning deploy... 
[info] i  hosting[ecommerce-2c778]: found 31 files in y 
[debug] [2025-07-13T16:52:09.643Z] [hosting] uploading with 200 concurrency
[debug] [2025-07-13T16:52:09.900Z] Checked if tokens are valid: true, expires at: 1752429086361
[debug] [2025-07-13T16:52:09.900Z] Checked if tokens are valid: true, expires at: 1752429086361
[debug] [2025-07-13T16:52:09.901Z] [hosting] hash cache [eQ] stored for 31 files
[debug] [2025-07-13T16:52:09.901Z] [hosting][hash queue][FINAL] {"max":243,"min":0,"avg":16.451612903225808,"active":0,"complete":31,"success":31,"errored":0,"retried":0,"total":31,"elapsed":253}
[debug] [2025-07-13T16:52:09.901Z] >>> [apiv2][query] POST https://firebasehosting.googleapis.com/v1beta1/projects/75013983511/sites/ecommerce-2c778/versions/8ee71eea1993ca92:populateFiles [none]
[debug] [2025-07-13T16:52:09.902Z] >>> [apiv2][body] POST https://firebasehosting.googleapis.com/v1beta1/projects/75013983511/sites/ecommerce-2c778/versions/8ee71eea1993ca92:populateFiles {"files":{"/robots.txt":"bfe106a3fb878dc83461c86818bf74fc1bdc7f28538ba613cd3e775516ce8b49","/manifest.json":"ee04fb47e525c67d8424ffe9b4d8a8a24e434504478afca4e0ca602146836d4c","/logo512.png":"212b102aa09e51b3b3e06647e81f7801a61333e171f6582e8124379aabccb41d","/logo192.png":"79e2b749561016bc8af300ea19f48347ceed3cb1a54f48ae456172eca45e08f0","/favicon.ico":"27edce7be5922cf0bef7d4136f69b5bfbdd5bf8c13c7b026f71187d41a00aa7d","/static/js/main.d5939ac0.js.map":"da7ccba063232bdeb954bc26a89110abf596b31b96d693f3c4aa26cfd3552adb","/static/js/main.d5939ac0.js.LICENSE.txt":"9ca5ddb7e96cd6e429cd1b8a564465b7ba591d3e2b5e532d38888800ed0c2b0f","/static/js/main.d5939ac0.js":"57efe68cbaa1c34b544ff164a2e38dcd902a9e0db1048392ef4e46ac643e69aa","/static/css/main.aaffc34d.css.map":"4147e0f3cd600df9c9c330c6887030faf3503d31edd3824d7a4ea85498bffba5","/static/css/main.aaffc34d.css":"27d7f73f76d4586afbae6a1576051cd14ecf2fc0276645721ef7e80f005cad63","/index.html":"22220d909abaaabbdfa8a7a32adf5bfd96f6ec3f80fc14de7693d91bbf660adc","/asset-manifest.json":"c632bc1092c7b948c23905b36446a52ce3caf38b1e328cd5d8411762ca0e112a","/static/media/revicons.e8746a624ed098489406.woff":"5ddfff93dafe5d9d5e5150d5b9af4194a88273c344857578b154d8ac0439e3a4","/static/media/logo.6ce24c58023cc2f8fd88fe9d219db6c6.svg":"1ba5ab29d08b53b3c796cb7a8991d18ea9f36d9690fbd3e609681c47808a7bcb","/static/media/revicons.a77de540a38981833f9e.eot":"a143a0d9e23964b1e74839019dfdbf7ddf0242757b0ed267a1415fcc46fb0da5","/static/media/revicons.57fd05d4ae650374c8de.ttf":"abf274d884fcfea42dea8a48a3e2612b9797fab75f0985883d5807950488c12e","/static/media/blazzer.0fc6ca0ac1c9b3af75e4.jpg":"086ff69ec9937052c4b94e37d5f0a9d411a1e74a857bb6f64691533a3a9a1b4e","/static/media/hero1.685539b80b2c0955e91d.jpg":"8e7ded8f63dd25271931229c6321f4c7a87214caf535095ce12c865e63a6fda2","/static/js/main.8009453c.js.LICENSE.txt":"9ca5ddb7e96cd6e429cd1b8a564465b7ba591d3e2b5e532d38888800ed0c2b0f","/static/js/453.69f21b98.chunk.js":"74723eb7dbb6e0a39333733dc217873901e3b7c25bedc32a6c0f04b508466452","/static/js/453.69f21b98.chunk.js.map":"6060b69f70bf34b11fd4c052d5df7c8615a9d0f01738740c7753d1a2f9ea1c83","/static/css/main.8670c67e.css":"0217d33d2a3d265d9a8eabbb1b075dc5848fd673bc2c8011fe3a03cb1e6ad53b","/static/css/main.8670c67e.css.map":"403aa5b57a838789ec813b88a9eb6be0778b262f9584b40a1a64e18986c5fbf9","/static/media/hero4.13d18eb88e1f1dcf6f37.jpg":"f74e29ab113d6bd7b6f13c30ffb8a42a29d7e02aafb24fa36b09abff1d957890","/static/media/hero3.bd0cd1a581763aea2d35.jpg":"263560b919f591e4793518bd2b86a3bc60928e952ac6c9265d9479c79ba5d690","/static/media/logo.1589f603f1a0765175ef.png":"122d6d1ef32dcbdcf281c6eb96402e6f848a1405064698188927c1af81d3f898","/static/media/hero2.f9d3186caf9cf0c3c9aa.jpg":"530207441ea3a8cb706b81956b9ebd2586f982229444e7ef8be304a67800bffb","/static/media/admin.8100bc2fe90d00b711b7.jpg":"586a1c6977d4fa8fda9b75f034161b994ebe05ea2a29cf013a6e9669190a6ef0","/static/media/notfound.5944177917ac4f8b63ec.png":"0fd9cdc69a0fe034f08fb69aa5a18fef38394c4b79c6b9f4f34f0879b6a748a1","/static/js/main.8009453c.js":"09d3d04976f5c24d6d29a5340c930da39de894bb747d92484c95f8b77b825471","/static/js/main.8009453c.js.map":"4b1e5f47cfa110225f3d6edc520b4e6635c56cec1d0bdb9937479e70674640da"}}
[debug] [2025-07-13T16:52:10.809Z] <<< [apiv2][status] POST https://firebasehosting.googleapis.com/v1beta1/projects/75013983511/sites/ecommerce-2c778/versions/8ee71eea1993ca92:populateFiles 200
[debug] [2025-07-13T16:52:10.810Z] <<< [apiv2][body] POST https://firebasehosting.googleapis.com/v1beta1/projects/75013983511/sites/ecommerce-2c778/versions/8ee71eea1993ca92:populateFiles {"uploadRequiredHashes":["09d3d04976f5c24d6d29a5340c930da39de894bb747d92484c95f8b77b825471","c632bc1092c7b948c23905b36446a52ce3caf38b1e328cd5d8411762ca0e112a","4b1e5f47cfa110225f3d6edc520b4e6635c56cec1d0bdb9937479e70674640da","403aa5b57a838789ec813b88a9eb6be0778b262f9584b40a1a64e18986c5fbf9","586a1c6977d4fa8fda9b75f034161b994ebe05ea2a29cf013a6e9669190a6ef0","22220d909abaaabbdfa8a7a32adf5bfd96f6ec3f80fc14de7693d91bbf660adc","0fd9cdc69a0fe034f08fb69aa5a18fef38394c4b79c6b9f4f34f0879b6a748a1","0217d33d2a3d265d9a8eabbb1b075dc5848fd673bc2c8011fe3a03cb1e6ad53b"],"uploadUrl":"https://upload-firebasehosting.googleapis.com/upload/sites/ecommerce-2c778/versions/8ee71eea1993ca92/files"}
[debug] [2025-07-13T16:52:10.812Z] Checked if tokens are valid: true, expires at: 1752429086361
[debug] [2025-07-13T16:52:10.812Z] Checked if tokens are valid: true, expires at: 1752429086361
[debug] [2025-07-13T16:52:10.812Z] Checked if tokens are valid: true, expires at: 1752429086361
[debug] [2025-07-13T16:52:10.813Z] Checked if tokens are valid: true, expires at: 1752429086361
[debug] [2025-07-13T16:52:10.813Z] Checked if tokens are valid: true, expires at: 1752429086361
[debug] [2025-07-13T16:52:10.814Z] Checked if tokens are valid: true, expires at: 1752429086361
[debug] [2025-07-13T16:52:10.814Z] Checked if tokens are valid: true, expires at: 1752429086361
[debug] [2025-07-13T16:52:10.814Z] Checked if tokens are valid: true, expires at: 1752429086361
[debug] [2025-07-13T16:52:10.814Z] Checked if tokens are valid: true, expires at: 1752429086361
[debug] [2025-07-13T16:52:10.814Z] Checked if tokens are valid: true, expires at: 1752429086361
[debug] [2025-07-13T16:52:10.815Z] Checked if tokens are valid: true, expires at: 1752429086361
[debug] [2025-07-13T16:52:10.815Z] Checked if tokens are valid: true, expires at: 1752429086361
[debug] [2025-07-13T16:52:10.815Z] Checked if tokens are valid: true, expires at: 1752429086361
[debug] [2025-07-13T16:52:10.815Z] Checked if tokens are valid: true, expires at: 1752429086361
[debug] [2025-07-13T16:52:10.815Z] Checked if tokens are valid: true, expires at: 1752429086361
[debug] [2025-07-13T16:52:10.815Z] Checked if tokens are valid: true, expires at: 1752429086361
[debug] [2025-07-13T16:52:10.816Z] >>> [apiv2][query] POST https://upload-firebasehosting.googleapis.com/upload/sites/ecommerce-2c778/versions/8ee71eea1993ca92/files/09d3d04976f5c24d6d29a5340c930da39de894bb747d92484c95f8b77b825471 [none]
[debug] [2025-07-13T16:52:10.816Z] >>> [apiv2][body] POST https://upload-firebasehosting.googleapis.com/upload/sites/ecommerce-2c778/versions/8ee71eea1993ca92/files/09d3d04976f5c24d6d29a5340c930da39de894bb747d92484c95f8b77b825471 [stream]
[debug] [2025-07-13T16:52:10.817Z] >>> [apiv2][query] POST https://upload-firebasehosting.googleapis.com/upload/sites/ecommerce-2c778/versions/8ee71eea1993ca92/files/c632bc1092c7b948c23905b36446a52ce3caf38b1e328cd5d8411762ca0e112a [none]
[debug] [2025-07-13T16:52:10.818Z] >>> [apiv2][body] POST https://upload-firebasehosting.googleapis.com/upload/sites/ecommerce-2c778/versions/8ee71eea1993ca92/files/c632bc1092c7b948c23905b36446a52ce3caf38b1e328cd5d8411762ca0e112a [stream]
[debug] [2025-07-13T16:52:10.819Z] >>> [apiv2][query] POST https://upload-firebasehosting.googleapis.com/upload/sites/ecommerce-2c778/versions/8ee71eea1993ca92/files/4b1e5f47cfa110225f3d6edc520b4e6635c56cec1d0bdb9937479e70674640da [none]
[debug] [2025-07-13T16:52:10.819Z] >>> [apiv2][body] POST https://upload-firebasehosting.googleapis.com/upload/sites/ecommerce-2c778/versions/8ee71eea1993ca92/files/4b1e5f47cfa110225f3d6edc520b4e6635c56cec1d0bdb9937479e70674640da [stream]
[debug] [2025-07-13T16:52:10.820Z] >>> [apiv2][query] POST https://upload-firebasehosting.googleapis.com/upload/sites/ecommerce-2c778/versions/8ee71eea1993ca92/files/403aa5b57a838789ec813b88a9eb6be0778b262f9584b40a1a64e18986c5fbf9 [none]
[debug] [2025-07-13T16:52:10.820Z] >>> [apiv2][body] POST https://upload-firebasehosting.googleapis.com/upload/sites/ecommerce-2c778/versions/8ee71eea1993ca92/files/403aa5b57a838789ec813b88a9eb6be0778b262f9584b40a1a64e18986c5fbf9 [stream]
[debug] [2025-07-13T16:52:10.821Z] >>> [apiv2][query] POST https://upload-firebasehosting.googleapis.com/upload/sites/ecommerce-2c778/versions/8ee71eea1993ca92/files/586a1c6977d4fa8fda9b75f034161b994ebe05ea2a29cf013a6e9669190a6ef0 [none]
[debug] [2025-07-13T16:52:10.821Z] >>> [apiv2][body] POST https://upload-firebasehosting.googleapis.com/upload/sites/ecommerce-2c778/versions/8ee71eea1993ca92/files/586a1c6977d4fa8fda9b75f034161b994ebe05ea2a29cf013a6e9669190a6ef0 [stream]
[debug] [2025-07-13T16:52:10.823Z] >>> [apiv2][query] POST https://upload-firebasehosting.googleapis.com/upload/sites/ecommerce-2c778/versions/8ee71eea1993ca92/files/22220d909abaaabbdfa8a7a32adf5bfd96f6ec3f80fc14de7693d91bbf660adc [none]
[debug] [2025-07-13T16:52:10.823Z] >>> [apiv2][body] POST https://upload-firebasehosting.googleapis.com/upload/sites/ecommerce-2c778/versions/8ee71eea1993ca92/files/22220d909abaaabbdfa8a7a32adf5bfd96f6ec3f80fc14de7693d91bbf660adc [stream]
[debug] [2025-07-13T16:52:10.824Z] >>> [apiv2][query] POST https://upload-firebasehosting.googleapis.com/upload/sites/ecommerce-2c778/versions/8ee71eea1993ca92/files/0fd9cdc69a0fe034f08fb69aa5a18fef38394c4b79c6b9f4f34f0879b6a748a1 [none]
[debug] [2025-07-13T16:52:10.824Z] >>> [apiv2][body] POST https://upload-firebasehosting.googleapis.com/upload/sites/ecommerce-2c778/versions/8ee71eea1993ca92/files/0fd9cdc69a0fe034f08fb69aa5a18fef38394c4b79c6b9f4f34f0879b6a748a1 [stream]
[debug] [2025-07-13T16:52:10.825Z] >>> [apiv2][query] POST https://upload-firebasehosting.googleapis.com/upload/sites/ecommerce-2c778/versions/8ee71eea1993ca92/files/0217d33d2a3d265d9a8eabbb1b075dc5848fd673bc2c8011fe3a03cb1e6ad53b [none]
[debug] [2025-07-13T16:52:10.825Z] >>> [apiv2][body] POST https://upload-firebasehosting.googleapis.com/upload/sites/ecommerce-2c778/versions/8ee71eea1993ca92/files/0217d33d2a3d265d9a8eabbb1b075dc5848fd673bc2c8011fe3a03cb1e6ad53b [stream]
[debug] [2025-07-13T16:52:10.826Z] [hosting][populate queue][FINAL] {"max":915,"min":915,"avg":915,"active":0,"complete":1,"success":1,"errored":0,"retried":0,"total":1,"elapsed":927}
[debug] [2025-07-13T16:52:10.826Z] [hosting] uploads queued: 8
[debug] [2025-07-13T16:52:18.110Z] <<< [apiv2][status] POST https://upload-firebasehosting.googleapis.com/upload/sites/ecommerce-2c778/versions/8ee71eea1993ca92/files/c632bc1092c7b948c23905b36446a52ce3caf38b1e328cd5d8411762ca0e112a 200
[debug] [2025-07-13T16:52:18.110Z] <<< [apiv2][body] POST https://upload-firebasehosting.googleapis.com/upload/sites/ecommerce-2c778/versions/8ee71eea1993ca92/files/c632bc1092c7b948c23905b36446a52ce3caf38b1e328cd5d8411762ca0e112a [stream]
[debug] [2025-07-13T16:52:18.179Z] <<< [apiv2][status] POST https://upload-firebasehosting.googleapis.com/upload/sites/ecommerce-2c778/versions/8ee71eea1993ca92/files/22220d909abaaabbdfa8a7a32adf5bfd96f6ec3f80fc14de7693d91bbf660adc 200
[debug] [2025-07-13T16:52:18.180Z] <<< [apiv2][body] POST https://upload-firebasehosting.googleapis.com/upload/sites/ecommerce-2c778/versions/8ee71eea1993ca92/files/22220d909abaaabbdfa8a7a32adf5bfd96f6ec3f80fc14de7693d91bbf660adc [stream]
[debug] [2025-07-13T16:52:20.248Z] <<< [apiv2][status] POST https://upload-firebasehosting.googleapis.com/upload/sites/ecommerce-2c778/versions/8ee71eea1993ca92/files/403aa5b57a838789ec813b88a9eb6be0778b262f9584b40a1a64e18986c5fbf9 200
[debug] [2025-07-13T16:52:20.249Z] <<< [apiv2][body] POST https://upload-firebasehosting.googleapis.com/upload/sites/ecommerce-2c778/versions/8ee71eea1993ca92/files/403aa5b57a838789ec813b88a9eb6be0778b262f9584b40a1a64e18986c5fbf9 [stream]
[debug] [2025-07-13T16:52:22.028Z] <<< [apiv2][status] POST https://upload-firebasehosting.googleapis.com/upload/sites/ecommerce-2c778/versions/8ee71eea1993ca92/files/0217d33d2a3d265d9a8eabbb1b075dc5848fd673bc2c8011fe3a03cb1e6ad53b 200
[debug] [2025-07-13T16:52:22.028Z] <<< [apiv2][body] POST https://upload-firebasehosting.googleapis.com/upload/sites/ecommerce-2c778/versions/8ee71eea1993ca92/files/0217d33d2a3d265d9a8eabbb1b075dc5848fd673bc2c8011fe3a03cb1e6ad53b [stream]
[debug] [2025-07-13T16:52:23.299Z] <<< [apiv2][status] POST https://upload-firebasehosting.googleapis.com/upload/sites/ecommerce-2c778/versions/8ee71eea1993ca92/files/586a1c6977d4fa8fda9b75f034161b994ebe05ea2a29cf013a6e9669190a6ef0 200
[debug] [2025-07-13T16:52:23.299Z] <<< [apiv2][body] POST https://upload-firebasehosting.googleapis.com/upload/sites/ecommerce-2c778/versions/8ee71eea1993ca92/files/586a1c6977d4fa8fda9b75f034161b994ebe05ea2a29cf013a6e9669190a6ef0 [stream]
[debug] [2025-07-13T16:52:26.005Z] <<< [apiv2][status] POST https://upload-firebasehosting.googleapis.com/upload/sites/ecommerce-2c778/versions/8ee71eea1993ca92/files/09d3d04976f5c24d6d29a5340c930da39de894bb747d92484c95f8b77b825471 200
[debug] [2025-07-13T16:52:26.006Z] <<< [apiv2][body] POST https://upload-firebasehosting.googleapis.com/upload/sites/ecommerce-2c778/versions/8ee71eea1993ca92/files/09d3d04976f5c24d6d29a5340c930da39de894bb747d92484c95f8b77b825471 [stream]
[debug] [2025-07-13T16:52:41.254Z] [uploadQueue] Retrying task 0fd9cdc69a0fe034f08fb69aa5a18fef38394c4b79c6b9f4f34f0879b6a748a1
[debug] [2025-07-13T16:52:41.256Z] Checked if tokens are valid: true, expires at: 1752429086361
[debug] [2025-07-13T16:52:41.256Z] Checked if tokens are valid: true, expires at: 1752429086361
[debug] [2025-07-13T16:52:41.257Z] >>> [apiv2][query] POST https://upload-firebasehosting.googleapis.com/upload/sites/ecommerce-2c778/versions/8ee71eea1993ca92/files/0fd9cdc69a0fe034f08fb69aa5a18fef38394c4b79c6b9f4f34f0879b6a748a1 [none]
[debug] [2025-07-13T16:52:41.257Z] >>> [apiv2][body] POST https://upload-firebasehosting.googleapis.com/upload/sites/ecommerce-2c778/versions/8ee71eea1993ca92/files/0fd9cdc69a0fe034f08fb69aa5a18fef38394c4b79c6b9f4f34f0879b6a748a1 [stream]
[debug] [2025-07-13T16:53:07.427Z] [uploadQueue] Retrying task 4b1e5f47cfa110225f3d6edc520b4e6635c56cec1d0bdb9937479e70674640da
[debug] [2025-07-13T16:53:07.429Z] Checked if tokens are valid: true, expires at: 1752429086361
[debug] [2025-07-13T16:53:07.429Z] Checked if tokens are valid: true, expires at: 1752429086361
[debug] [2025-07-13T16:53:07.429Z] >>> [apiv2][query] POST https://upload-firebasehosting.googleapis.com/upload/sites/ecommerce-2c778/versions/8ee71eea1993ca92/files/4b1e5f47cfa110225f3d6edc520b4e6635c56cec1d0bdb9937479e70674640da [none]
[debug] [2025-07-13T16:53:07.430Z] >>> [apiv2][body] POST https://upload-firebasehosting.googleapis.com/upload/sites/ecommerce-2c778/versions/8ee71eea1993ca92/files/4b1e5f47cfa110225f3d6edc520b4e6635c56cec1d0bdb9937479e70674640da [stream]
[debug] [2025-07-13T16:53:12.076Z] [uploadQueue] Retrying task 0fd9cdc69a0fe034f08fb69aa5a18fef38394c4b79c6b9f4f34f0879b6a748a1
[debug] [2025-07-13T16:53:12.077Z] Checked if tokens are valid: true, expires at: 1752429086361
[debug] [2025-07-13T16:53:12.077Z] Checked if tokens are valid: true, expires at: 1752429086361
[debug] [2025-07-13T16:53:12.077Z] >>> [apiv2][query] POST https://upload-firebasehosting.googleapis.com/upload/sites/ecommerce-2c778/versions/8ee71eea1993ca92/files/0fd9cdc69a0fe034f08fb69aa5a18fef38394c4b79c6b9f4f34f0879b6a748a1 [none]
[debug] [2025-07-13T16:53:12.077Z] >>> [apiv2][body] POST https://upload-firebasehosting.googleapis.com/upload/sites/ecommerce-2c778/versions/8ee71eea1993ca92/files/0fd9cdc69a0fe034f08fb69aa5a18fef38394c4b79c6b9f4f34f0879b6a748a1 [stream]
[debug] [2025-07-13T16:53:43.693Z] [uploadQueue] Retrying task 0fd9cdc69a0fe034f08fb69aa5a18fef38394c4b79c6b9f4f34f0879b6a748a1
[debug] [2025-07-13T16:53:43.694Z] Checked if tokens are valid: true, expires at: 1752429086361
[debug] [2025-07-13T16:53:43.694Z] Checked if tokens are valid: true, expires at: 1752429086361
[debug] [2025-07-13T16:53:43.694Z] >>> [apiv2][query] POST https://upload-firebasehosting.googleapis.com/upload/sites/ecommerce-2c778/versions/8ee71eea1993ca92/files/0fd9cdc69a0fe034f08fb69aa5a18fef38394c4b79c6b9f4f34f0879b6a748a1 [none]
[debug] [2025-07-13T16:53:43.694Z] >>> [apiv2][body] POST https://upload-firebasehosting.googleapis.com/upload/sites/ecommerce-2c778/versions/8ee71eea1993ca92/files/0fd9cdc69a0fe034f08fb69aa5a18fef38394c4b79c6b9f4f34f0879b6a748a1 [stream]
[debug] [2025-07-13T16:54:04.425Z] [uploadQueue] Retrying task 4b1e5f47cfa110225f3d6edc520b4e6635c56cec1d0bdb9937479e70674640da
[debug] [2025-07-13T16:54:04.426Z] Checked if tokens are valid: true, expires at: 1752429086361
[debug] [2025-07-13T16:54:04.426Z] Checked if tokens are valid: true, expires at: 1752429086361
[debug] [2025-07-13T16:54:04.427Z] >>> [apiv2][query] POST https://upload-firebasehosting.googleapis.com/upload/sites/ecommerce-2c778/versions/8ee71eea1993ca92/files/4b1e5f47cfa110225f3d6edc520b4e6635c56cec1d0bdb9937479e70674640da [none]
[debug] [2025-07-13T16:54:04.427Z] >>> [apiv2][body] POST https://upload-firebasehosting.googleapis.com/upload/sites/ecommerce-2c778/versions/8ee71eea1993ca92/files/4b1e5f47cfa110225f3d6edc520b4e6635c56cec1d0bdb9937479e70674640da [stream]
[debug] [2025-07-13T16:54:16.910Z] [uploadQueue] Retrying task 0fd9cdc69a0fe034f08fb69aa5a18fef38394c4b79c6b9f4f34f0879b6a748a1
[debug] [2025-07-13T16:54:16.910Z] Checked if tokens are valid: true, expires at: 1752429086361
[debug] [2025-07-13T16:54:16.911Z] Checked if tokens are valid: true, expires at: 1752429086361
[debug] [2025-07-13T16:54:16.911Z] >>> [apiv2][query] POST https://upload-firebasehosting.googleapis.com/upload/sites/ecommerce-2c778/versions/8ee71eea1993ca92/files/0fd9cdc69a0fe034f08fb69aa5a18fef38394c4b79c6b9f4f34f0879b6a748a1 [none]
[debug] [2025-07-13T16:54:16.911Z] >>> [apiv2][body] POST https://upload-firebasehosting.googleapis.com/upload/sites/ecommerce-2c778/versions/8ee71eea1993ca92/files/0fd9cdc69a0fe034f08fb69aa5a18fef38394c4b79c6b9f4f34f0879b6a748a1 [stream]
[debug] [2025-07-13T16:54:53.329Z] [uploadQueue] Retrying task 0fd9cdc69a0fe034f08fb69aa5a18fef38394c4b79c6b9f4f34f0879b6a748a1
[debug] [2025-07-13T16:54:53.330Z] Checked if tokens are valid: true, expires at: 1752429086361
[debug] [2025-07-13T16:54:53.331Z] Checked if tokens are valid: true, expires at: 1752429086361
[debug] [2025-07-13T16:54:53.331Z] >>> [apiv2][query] POST https://upload-firebasehosting.googleapis.com/upload/sites/ecommerce-2c778/versions/8ee71eea1993ca92/files/0fd9cdc69a0fe034f08fb69aa5a18fef38394c4b79c6b9f4f34f0879b6a748a1 [none]
[debug] [2025-07-13T16:54:53.331Z] >>> [apiv2][body] POST https://upload-firebasehosting.googleapis.com/upload/sites/ecommerce-2c778/versions/8ee71eea1993ca92/files/0fd9cdc69a0fe034f08fb69aa5a18fef38394c4b79c6b9f4f34f0879b6a748a1 [stream]
[debug] [2025-07-13T16:55:02.215Z] [uploadQueue] Retrying task 4b1e5f47cfa110225f3d6edc520b4e6635c56cec1d0bdb9937479e70674640da
[debug] [2025-07-13T16:55:02.216Z] Checked if tokens are valid: true, expires at: 1752429086361
[debug] [2025-07-13T16:55:02.216Z] Checked if tokens are valid: true, expires at: 1752429086361
[debug] [2025-07-13T16:55:02.216Z] >>> [apiv2][query] POST https://upload-firebasehosting.googleapis.com/upload/sites/ecommerce-2c778/versions/8ee71eea1993ca92/files/4b1e5f47cfa110225f3d6edc520b4e6635c56cec1d0bdb9937479e70674640da [none]
[debug] [2025-07-13T16:55:02.217Z] >>> [apiv2][body] POST https://upload-firebasehosting.googleapis.com/upload/sites/ecommerce-2c778/versions/8ee71eea1993ca92/files/4b1e5f47cfa110225f3d6edc520b4e6635c56cec1d0bdb9937479e70674640da [stream]
[debug] Task 0fd9cdc69a0fe034f08fb69aa5a18fef38394c4b79c6b9f4f34f0879b6a748a1 failed: retries exhausted after 6 attempts, with error: TypeError: Converting circular structure to JSON
    --> starting at object with constructor 'TLSSocket'
    |     property 'parser' -> object with constructor 'HTTPParser'
    --- property 'socket' closes the circle
[debug] [2025-07-13T16:55:23.345Z] [hosting][upload queue][FINAL] {"max":15196,"min":7298,"avg":10498.833333333334,"active":1,"complete":7,"success":6,"errored":1,"retried":8,"total":8,"elapsed":192535}
[debug] [2025-07-13T16:55:28.361Z] Error: Timed out.
    at Timeout._onTimeout (C:\Users\hello\AppData\Roaming\npm\node_modules\firebase-tools\lib\utils.js:267:49)
    at listOnTimeout (node:internal/timers:594:17)
    at process.processTimers (node:internal/timers:529:7)
[error] 
[error] Error: An unexpected error has occurred.
[debug] [2025-07-13T16:55:36.829Z] ----------------------------------------------------------------------
[debug] [2025-07-13T16:55:36.832Z] Command:       C:\Program Files\nodejs\node.exe C:\Users\hello\AppData\Roaming\npm\node_modules\firebase-tools\lib\bin\firebase.js deploy
[debug] [2025-07-13T16:55:36.833Z] CLI Version:   14.8.0
[debug] [2025-07-13T16:55:36.833Z] Platform:      win32
[debug] [2025-07-13T16:55:36.833Z] Node Version:  v22.13.1
[debug] [2025-07-13T16:55:36.833Z] Time:          Sun Jul 13 2025 22:25:36 GMT+0530 (India Standard Time)
[debug] [2025-07-13T16:55:36.834Z] ----------------------------------------------------------------------
[debug] 
[debug] [2025-07-13T16:55:37.077Z] > command requires scopes: ["email","openid","https://www.googleapis.com/auth/cloudplatformprojects.readonly","https://www.googleapis.com/auth/firebase","https://www.googleapis.com/auth/cloud-platform"]
[debug] [2025-07-13T16:55:37.078Z] > authorizing via signed-in user (samkhan9991303458@gmail.com)
[debug] [2025-07-13T16:55:37.078Z] [iam] checking project ecommerce-2c778 for permissions ["firebase.projects.get","firebasehosting.sites.update"]
[debug] [2025-07-13T16:55:37.081Z] Checked if tokens are valid: true, expires at: 1752429086361
[debug] [2025-07-13T16:55:37.081Z] Checked if tokens are valid: true, expires at: 1752429086361
[debug] [2025-07-13T16:55:37.083Z] >>> [apiv2][query] POST https://cloudresourcemanager.googleapis.com/v1/projects/ecommerce-2c778:testIamPermissions [none]
[debug] [2025-07-13T16:55:37.083Z] >>> [apiv2][(partial)header] POST https://cloudresourcemanager.googleapis.com/v1/projects/ecommerce-2c778:testIamPermissions x-goog-quota-user=projects/ecommerce-2c778
[debug] [2025-07-13T16:55:37.083Z] >>> [apiv2][body] POST https://cloudresourcemanager.googleapis.com/v1/projects/ecommerce-2c778:testIamPermissions {"permissions":["firebase.projects.get","firebasehosting.sites.update"]}
[debug] [2025-07-13T16:56:15.813Z] ----------------------------------------------------------------------
[debug] [2025-07-13T16:56:15.816Z] Command:       C:\Program Files\nodejs\node.exe C:\Users\hello\AppData\Roaming\npm\node_modules\firebase-tools\lib\bin\firebase.js deploy
[debug] [2025-07-13T16:56:15.816Z] CLI Version:   14.8.0
[debug] [2025-07-13T16:56:15.816Z] Platform:      win32
[debug] [2025-07-13T16:56:15.817Z] Node Version:  v22.13.1
[debug] [2025-07-13T16:56:15.817Z] Time:          Sun Jul 13 2025 22:26:15 GMT+0530 (India Standard Time)
[debug] [2025-07-13T16:56:15.817Z] ----------------------------------------------------------------------
[debug] 
[debug] [2025-07-13T16:56:16.064Z] > command requires scopes: ["email","openid","https://www.googleapis.com/auth/cloudplatformprojects.readonly","https://www.googleapis.com/auth/firebase","https://www.googleapis.com/auth/cloud-platform"]
[debug] [2025-07-13T16:56:16.065Z] > authorizing via signed-in user (samkhan9991303458@gmail.com)
[debug] [2025-07-13T16:56:16.065Z] [iam] checking project ecommerce-2c778 for permissions ["firebase.projects.get","firebasehosting.sites.update"]
[debug] [2025-07-13T16:56:16.067Z] Checked if tokens are valid: true, expires at: 1752429086361
[debug] [2025-07-13T16:56:16.067Z] Checked if tokens are valid: true, expires at: 1752429086361
[debug] [2025-07-13T16:56:16.068Z] >>> [apiv2][query] POST https://cloudresourcemanager.googleapis.com/v1/projects/ecommerce-2c778:testIamPermissions [none]
[debug] [2025-07-13T16:56:16.068Z] >>> [apiv2][(partial)header] POST https://cloudresourcemanager.googleapis.com/v1/projects/ecommerce-2c778:testIamPermissions x-goog-quota-user=projects/ecommerce-2c778
[debug] [2025-07-13T16:56:16.068Z] >>> [apiv2][body] POST https://cloudresourcemanager.googleapis.com/v1/projects/ecommerce-2c778:testIamPermissions {"permissions":["firebase.projects.get","firebasehosting.sites.update"]}
